=== IMG Factory Debug Log ===
Started: 2026-02-25 01:56:10
Python: 3.14.3 (main, Feb 13 2026, 15:31:44) [GCC 15.2.1 20260209]
Platform: linux
==================================================

[01:56:23] SUCCESS: debug_functions.py:484 in success() - Detected RW version Unknown (0xC02FFFF) (0xC02FFFF) for army.dff
[01:56:23] SUCCESS: debug_functions.py:484 in success() - Detected RW version Unknown (0x1003FFFF) (0x1003FFFF) for army.txd
[01:56:23] SUCCESS: debug_functions.py:484 in success() - Detected RW version Unknown (0xC02FFFF) (0xC02FFFF) for BFOBE.dff
[01:56:23] SUCCESS: debug_functions.py:484 in success() - Detected RW version Unknown (0x1003FFFF) (0x1003FFFF) for BFOBE.txd
[01:56:23] SUCCESS: debug_functions.py:484 in success() - Detected RW version Unknown (0xC02FFFF) (0xC02FFFF) for bfori.dff
[01:56:23] SUCCESS: debug_functions.py:484 in success() - Detected RW version Unknown (0x1003FFFF) (0x1003FFFF) for bfori.txd
[01:56:23] SUCCESS: debug_functions.py:484 in success() - Detected RW version Unknown (0xC02FFFF) (0xC02FFFF) for bfost.dff
[01:56:23] SUCCESS: debug_functions.py:484 in success() - Detected RW version Unknown (0x1003FFFF) (0x1003FFFF) for bfost.txd
[01:56:23] SUCCESS: debug_functions.py:484 in success() - Detected RW version Unknown (0xC02FFFF) (0xC02FFFF) for bfotr.dff
[01:56:23] SUCCESS: debug_functions.py:484 in success() - Detected RW version Unknown (0x1003FFFF) (0x1003FFFF) for bfotr.txd
[01:56:23] SUCCESS: debug_functions.py:484 in success() - Detected RW version Unknown (0xC02FFFF) (0xC02FFFF) for bfybe.dff
[01:56:23] SUCCESS: debug_functions.py:484 in success() - Detected RW version Unknown (0x1003FFFF) (0x1003FFFF) for bfybe.txd
[01:56:23] SUCCESS: debug_functions.py:484 in success() - Detected RW version Unknown (0xC02FFFF) (0xC02FFFF) for BFYPR.dff
[01:56:23] SUCCESS: debug_functions.py:484 in success() - Detected RW version Unknown (0x1003FFFF) (0x1003FFFF) for BFYPR.txd
[01:56:23] SUCCESS: debug_functions.py:484 in success() - Detected RW version Unknown (0xC02FFFF) (0xC02FFFF) for bfyri.dff
[01:56:23] SUCCESS: debug_functions.py:484 in success() - Detected RW version Unknown (0x1003FFFF) (0x1003FFFF) for bfyri.txd
[01:56:23] SUCCESS: debug_functions.py:484 in success() - Detected RW version Unknown (0xC02FFFF) (0xC02FFFF) for BFYST.dff
[01:56:23] SUCCESS: debug_functions.py:484 in success() - Detected RW version Unknown (0x1003FFFF) (0x1003FFFF) for BFYST.txd
[01:56:23] SUCCESS: debug_functions.py:484 in success() - Detected RW version Unknown (0xC02FFFF) (0xC02FFFF) for bga.dff
[01:56:23] SUCCESS: debug_functions.py:484 in success() - Detected RW version Unknown (0x1003FFFF) (0x1003FFFF) for bga.txd
[01:56:23] SUCCESS: debug_functions.py:484 in success() - Detected RW version Unknown (0xC02FFFF) (0xC02FFFF) for bgb.dff
[01:56:23] SUCCESS: debug_functions.py:484 in success() - Detected RW version Unknown (0x1003FFFF) (0x1003FFFF) for bgb.txd
[01:56:23] SUCCESS: debug_functions.py:484 in success() - Detected RW version Unknown (0xC02FFFF) (0xC02FFFF) for bka.dff
[01:56:23] SUCCESS: debug_functions.py:484 in success() - Detected RW version Unknown (0x1003FFFF) (0x1003FFFF) for bka.txd
[01:56:23] SUCCESS: debug_functions.py:484 in success() - Detected RW version Unknown (0xC02FFFF) (0xC02FFFF) for bkb.dff
[01:56:23] SUCCESS: debug_functions.py:484 in success() - Detected RW version Unknown (0x1003FFFF) (0x1003FFFF) for bkb.txd
[01:56:23] SUCCESS: debug_functions.py:484 in success() - Detected RW version Unknown (0xC02FFFF) (0xC02FFFF) for BMOBE.dff
[01:56:23] SUCCESS: debug_functions.py:484 in success() - Detected RW version Unknown (0x1003FFFF) (0x1003FFFF) for BMOBE.txd
[01:56:23] SUCCESS: debug_functions.py:484 in success() - Detected RW version Unknown (0xC02FFFF) (0xC02FFFF) for bmodk.dff
[01:56:23] SUCCESS: debug_functions.py:484 in success() - Detected RW version Unknown (0x1003FFFF) (0x1003FFFF) for bmodk.txd
[01:56:23] SUCCESS: debug_functions.py:484 in success() - Detected RW version Unknown (0xC02FFFF) (0xC02FFFF) for bmost.dff
[01:56:23] SUCCESS: debug_functions.py:484 in success() - Detected RW version Unknown (0x1003FFFF) (0x1003FFFF) for bmost.txd
[01:56:23] SUCCESS: debug_functions.py:484 in success() - Detected RW version Unknown (0xC02FFFF) (0xC02FFFF) for bmotr.dff
[01:56:23] SUCCESS: debug_functions.py:484 in success() - Detected RW version Unknown (0x1003FFFF) (0x1003FFFF) for bmotr.txd
[01:56:23] SUCCESS: debug_functions.py:484 in success() - Detected RW version Unknown (0xC02FFFF) (0xC02FFFF) for bmybb.dff
[01:56:23] SUCCESS: debug_functions.py:484 in success() - Detected RW version Unknown (0x1003FFFF) (0x1003FFFF) for bmybb.txd
[01:56:23] SUCCESS: debug_functions.py:484 in success() - Detected RW version Unknown (0xC02FFFF) (0xC02FFFF) for bmybe.dff
[01:56:23] SUCCESS: debug_functions.py:484 in success() - Detected RW version Unknown (0x1003FFFF) (0x1003FFFF) for bmybe.txd
[01:56:23] SUCCESS: debug_functions.py:484 in success() - Detected RW version Unknown (0xC02FFFF) (0xC02FFFF) for bmybu.dff
[01:56:23] SUCCESS: debug_functions.py:484 in success() - Detected RW version Unknown (0x1003FFFF) (0x1003FFFF) for bmybu.txd
[01:56:23] SUCCESS: debug_functions.py:484 in success() - Detected RW version Unknown (0xC02FFFF) (0xC02FFFF) for bmycr.dff
[01:56:23] SUCCESS: debug_functions.py:484 in success() - Detected RW version Unknown (0x1003FFFF) (0x1003FFFF) for bmycr.txd
[01:56:23] SUCCESS: debug_functions.py:484 in success() - Detected RW version Unknown (0xC02FFFF) (0xC02FFFF) for bmypi.dff
[01:56:23] SUCCESS: debug_functions.py:484 in success() - Detected RW version Unknown (0x1003FFFF) (0x1003FFFF) for bmypi.txd
[01:56:23] SUCCESS: debug_functions.py:484 in success() - Detected RW version Unknown (0xC02FFFF) (0xC02FFFF) for bmyri.dff
[01:56:23] SUCCESS: debug_functions.py:484 in success() - Detected RW version Unknown (0x1003FFFF) (0x1003FFFF) for bmyri.txd
[01:56:23] SUCCESS: debug_functions.py:484 in success() - Detected RW version Unknown (0xC02FFFF) (0xC02FFFF) for bmyst.dff
[01:56:23] SUCCESS: debug_functions.py:484 in success() - Detected RW version Unknown (0x1003FFFF) (0x1003FFFF) for bmyst.txd
[01:56:23] SUCCESS: debug_functions.py:484 in success() - Detected RW version Unknown (0xC02FFFF) (0xC02FFFF) for buddy.dff
[01:56:23] SUCCESS: debug_functions.py:484 in success() - Detected RW version Unknown (0x1003FFFF) (0x1003FFFF) for buddy.txd
[01:56:23] SUCCESS: debug_functions.py:484 in success() - Detected RW version Unknown (0xC02FFFF) (0xC02FFFF) for burger.dff
[01:56:23] SUCCESS: debug_functions.py:484 in success() - Detected RW version Unknown (0x1003FFFF) (0x1003FFFF) for burger.txd
[01:56:23] SUCCESS: debug_functions.py:484 in success() - Detected RW version Unknown (0xC02FFFF) (0xC02FFFF) for C_worker.dff
[01:56:23] SUCCESS: debug_functions.py:484 in success() - Detected RW version Unknown (0x1003FFFF) (0x1003FFFF) for C_worker.txd
[01:56:23] SUCCESS: debug_functions.py:484 in success() - Detected RW version Unknown (0xC02FFFF) (0xC02FFFF) for Cba.dff
[01:56:23] SUCCESS: debug_functions.py:484 in success() - Detected RW version Unknown (0x1003FFFF) (0x1003FFFF) for Cba.txd
[01:56:23] SUCCESS: debug_functions.py:484 in success() - Detected RW version Unknown (0xC02FFFF) (0xC02FFFF) for Cbb.dff
[01:56:23] SUCCESS: debug_functions.py:484 in success() - Detected RW version Unknown (0x1003FFFF) (0x1003FFFF) for Cbb.txd
[01:56:23] SUCCESS: debug_functions.py:484 in success() - Detected RW version Unknown (0x1003FFFF) (0x1003FFFF) for chef.dff
[01:56:23] SUCCESS: debug_functions.py:484 in success() - Detected RW version Unknown (0x1003FFFF) (0x1003FFFF) for chef.txd
[01:56:23] SUCCESS: debug_functions.py:484 in success() - Detected RW version Unknown (0xC02FFFF) (0xC02FFFF) for Cla.dff
[01:56:23] SUCCESS: debug_functions.py:484 in success() - Detected RW version Unknown (0x1003FFFF) (0x1003FFFF) for Cla.txd
[01:56:23] SUCCESS: debug_functions.py:484 in success() - Detected RW version Unknown (0xC02FFFF) (0xC02FFFF) for Clb.dff
[01:56:23] SUCCESS: debug_functions.py:484 in success() - Detected RW version Unknown (0x1003FFFF) (0x1003FFFF) for Clb.txd
[01:56:23] SUCCESS: debug_functions.py:484 in success() - Detected RW version Unknown (0xC02FFFF) (0xC02FFFF) for colonel.dff
[01:56:23] SUCCESS: debug_functions.py:484 in success() - Detected RW version Unknown (0x1003FFFF) (0x1003FFFF) for colonel.txd
[01:56:23] SUCCESS: debug_functions.py:484 in success() - Detected RW version Unknown (0xC02FFFF) (0xC02FFFF) for Cop.dff
[01:56:23] SUCCESS: debug_functions.py:484 in success() - Detected RW version Unknown (0x1003FFFF) (0x1003FFFF) for cop.txd
[01:56:23] SUCCESS: debug_functions.py:484 in success() - Detected RW version Unknown (0xC02FFFF) (0xC02FFFF) for courier.dff
[01:56:23] SUCCESS: debug_functions.py:484 in success() - Detected RW version Unknown (0x1003FFFF) (0x1003FFFF) for courier.txd
[01:56:23] SUCCESS: debug_functions.py:484 in success() - Detected RW version 3.0.0.0 GTA3 (PS2) (0x800FFFF) for diaz.dff
[01:56:23] SUCCESS: debug_functions.py:484 in success() - Detected RW version Unknown (0x1003FFFF) (0x1003FFFF) for diaz.txd
[01:56:23] SUCCESS: debug_functions.py:484 in success() - Detected RW version Unknown (0xC02FFFF) (0xC02FFFF) for fbi.dff
[01:56:23] SUCCESS: debug_functions.py:484 in success() - Detected RW version Unknown (0x1003FFFF) (0x1003FFFF) for fbi.txd
[01:56:23] SUCCESS: debug_functions.py:484 in success() - Detected RW version Unknown (0x1003FFFF) (0x1003FFFF) for fireman.dff
[01:56:23] SUCCESS: debug_functions.py:484 in success() - Detected RW version Unknown (0x1003FFFF) (0x1003FFFF) for fireman.txd
[01:56:23] SUCCESS: debug_functions.py:484 in success() - Detected RW version Unknown (0xC02FFFF) (0xC02FFFF) for FSfa.dff
[01:56:23] SUCCESS: debug_functions.py:484 in success() - Detected RW version Unknown (0x1003FFFF) (0x1003FFFF) for FSfa.txd
[01:56:23] SUCCESS: debug_functions.py:484 in success() - Detected RW version Unknown (0xC02FFFF) (0xC02FFFF) for Gda.dff
[01:56:23] SUCCESS: debug_functions.py:484 in success() - Detected RW version Unknown (0x1003FFFF) (0x1003FFFF) for Gda.txd
[01:56:23] SUCCESS: debug_functions.py:484 in success() - Detected RW version Unknown (0xC02FFFF) (0xC02FFFF) for Gdb.dff
[01:56:23] SUCCESS: debug_functions.py:484 in success() - Detected RW version Unknown (0x1003FFFF) (0x1003FFFF) for Gdb.txd
[01:56:23] SUCCESS: debug_functions.py:484 in success() - Detected RW version Unknown (0xC02FFFF) (0xC02FFFF) for hfobe.dff
[01:56:23] SUCCESS: debug_functions.py:484 in success() - Detected RW version Unknown (0x1003FFFF) (0x1003FFFF) for hfobe.txd
[01:56:23] SUCCESS: debug_functions.py:484 in success() - Detected RW version Unknown (0xC02FFFF) (0xC02FFFF) for hfori.dff
[01:56:23] SUCCESS: debug_functions.py:484 in success() - Detected RW version Unknown (0x1003FFFF) (0x1003FFFF) for hfori.txd
[01:56:23] SUCCESS: debug_functions.py:484 in success() - Detected RW version Unknown (0xC02FFFF) (0xC02FFFF) for HFOST.dff
[01:56:23] SUCCESS: debug_functions.py:484 in success() - Detected RW version Unknown (0x1003FFFF) (0x1003FFFF) for HFOST.txd
[01:56:23] SUCCESS: debug_functions.py:484 in success() - Detected RW version Unknown (0xC02FFFF) (0xC02FFFF) for HFOTR.dff
[01:56:23] SUCCESS: debug_functions.py:484 in success() - Detected RW version Unknown (0x1003FFFF) (0x1003FFFF) for HFOTR.txd
[01:56:23] SUCCESS: debug_functions.py:484 in success() - Detected RW version Unknown (0xC02FFFF) (0xC02FFFF) for hfybe.dff
[01:56:23] SUCCESS: debug_functions.py:484 in success() - Detected RW version Unknown (0x1003FFFF) (0x1003FFFF) for hfybe.txd
[01:56:23] SUCCESS: debug_functions.py:484 in success() - Detected RW version Unknown (0xC02FFFF) (0xC02FFFF) for HFYBU.dff
[01:56:23] SUCCESS: debug_functions.py:484 in success() - Detected RW version Unknown (0x1003FFFF) (0x1003FFFF) for HFYBU.txd
[01:56:23] SUCCESS: debug_functions.py:484 in success() - Detected RW version Unknown (0xC02FFFF) (0xC02FFFF) for HFYCG.dff
[01:56:23] SUCCESS: debug_functions.py:484 in success() - Detected RW version Unknown (0x1003FFFF) (0x1003FFFF) for HFYCG.txd
[01:56:23] SUCCESS: debug_functions.py:484 in success() - Detected RW version Unknown (0xC02FFFF) (0xC02FFFF) for HFYMD.dff
[01:56:23] SUCCESS: debug_functions.py:484 in success() - Detected RW version Unknown (0x1003FFFF) (0x1003FFFF) for HFYMD.txd
[01:56:23] SUCCESS: debug_functions.py:484 in success() - Detected RW version Unknown (0xC02FFFF) (0xC02FFFF) for HFYPR.dff
[01:56:23] SUCCESS: debug_functions.py:484 in success() - Detected RW version Unknown (0x1003FFFF) (0x1003FFFF) for HFYPR.txd
[01:56:23] SUCCESS: debug_functions.py:484 in success() - Detected RW version Unknown (0xC02FFFF) (0xC02FFFF) for HFYRI.dff
[01:56:23] SUCCESS: debug_functions.py:484 in success() - Detected RW version Unknown (0x1003FFFF) (0x1003FFFF) for HFYRI.txd
[01:56:23] SUCCESS: debug_functions.py:484 in success() - Detected RW version Unknown (0xC02FFFF) (0xC02FFFF) for HFYST.dff
[01:56:23] SUCCESS: debug_functions.py:484 in success() - Detected RW version Unknown (0x1003FFFF) (0x1003FFFF) for HFYST.txd
[01:56:23] SUCCESS: debug_functions.py:484 in success() - Detected RW version Unknown (0xC02FFFF) (0xC02FFFF) for hmobe.dff
[01:56:23] SUCCESS: debug_functions.py:484 in success() - Detected RW version Unknown (0x1003FFFF) (0x1003FFFF) for hmobe.txd
[01:56:23] SUCCESS: debug_functions.py:484 in success() - Detected RW version Unknown (0xC02FFFF) (0xC02FFFF) for hmoca.dff
[01:56:23] SUCCESS: debug_functions.py:484 in success() - Detected RW version Unknown (0x1003FFFF) (0x1003FFFF) for hmoca.txd
[01:56:23] SUCCESS: debug_functions.py:484 in success() - Detected RW version Unknown (0xC02FFFF) (0xC02FFFF) for hmori.dff
[01:56:23] SUCCESS: debug_functions.py:484 in success() - Detected RW version Unknown (0x1003FFFF) (0x1003FFFF) for hmori.txd
[01:56:23] SUCCESS: debug_functions.py:484 in success() - Detected RW version Unknown (0xC02FFFF) (0xC02FFFF) for hmost.dff
[01:56:23] SUCCESS: debug_functions.py:484 in success() - Detected RW version Unknown (0x1003FFFF) (0x1003FFFF) for hmost.txd
[01:56:23] SUCCESS: debug_functions.py:484 in success() - Detected RW version Unknown (0xC02FFFF) (0xC02FFFF) for hmotr.dff
[01:56:23] SUCCESS: debug_functions.py:484 in success() - Detected RW version Unknown (0x1003FFFF) (0x1003FFFF) for hmotr.txd
[01:56:23] SUCCESS: debug_functions.py:484 in success() - Detected RW version Unknown (0xC02FFFF) (0xC02FFFF) for hmyap.dff
[01:56:23] SUCCESS: debug_functions.py:484 in success() - Detected RW version Unknown (0x1003FFFF) (0x1003FFFF) for hmyap.txd
[01:56:23] SUCCESS: debug_functions.py:484 in success() - Detected RW version Unknown (0xC02FFFF) (0xC02FFFF) for hmybe.dff
[01:56:23] SUCCESS: debug_functions.py:484 in success() - Detected RW version Unknown (0x1003FFFF) (0x1003FFFF) for hmybe.txd
[01:56:23] SUCCESS: debug_functions.py:484 in success() - Detected RW version Unknown (0xC02FFFF) (0xC02FFFF) for hmyri.dff
[01:56:23] SUCCESS: debug_functions.py:484 in success() - Detected RW version Unknown (0x1003FFFF) (0x1003FFFF) for hmyri.txd
[01:56:23] SUCCESS: debug_functions.py:484 in success() - Detected RW version Unknown (0xC02FFFF) (0xC02FFFF) for hmyst.dff
[01:56:23] SUCCESS: debug_functions.py:484 in success() - Detected RW version Unknown (0x1003FFFF) (0x1003FFFF) for hmyst.txd
[01:56:23] SUCCESS: debug_functions.py:484 in success() - Detected RW version Unknown (0xC02FFFF) (0xC02FFFF) for Hna.dff
[01:56:23] SUCCESS: debug_functions.py:484 in success() - Detected RW version Unknown (0x1003FFFF) (0x1003FFFF) for Hna.txd
[01:56:23] SUCCESS: debug_functions.py:484 in success() - Detected RW version Unknown (0xC02FFFF) (0xC02FFFF) for Hnb.dff
[01:56:23] SUCCESS: debug_functions.py:484 in success() - Detected RW version Unknown (0x1003FFFF) (0x1003FFFF) for Hnb.txd
[01:56:23] SUCCESS: debug_functions.py:484 in success() - Detected RW version Unknown (0xC02FFFF) (0xC02FFFF) for IGalscb.dff
[01:56:23] SUCCESS: debug_functions.py:484 in success() - Detected RW version Unknown (0x1003FFFF) (0x1003FFFF) for IGalscb.txd
[01:56:23] SUCCESS: debug_functions.py:484 in success() - Detected RW version Unknown (0x1003FFFF) (0x1003FFFF) for IGbuddy.dff
[01:56:23] SUCCESS: debug_functions.py:484 in success() - Detected RW version Unknown (0x1003FFFF) (0x1003FFFF) for IGbuddy.txd
[01:56:23] SUCCESS: debug_functions.py:484 in success() - Detected RW version Unknown (0xC02FFFF) (0xC02FFFF) for IGBudy2.dff
[01:56:23] SUCCESS: debug_functions.py:484 in success() - Detected RW version Unknown (0x1003FFFF) (0x1003FFFF) for IGBudy2.txd
[01:56:23] SUCCESS: debug_functions.py:484 in success() - Detected RW version Unknown (0xC02FFFF) (0xC02FFFF) for IGBudy3.dff
[01:56:23] SUCCESS: debug_functions.py:484 in success() - Detected RW version Unknown (0x1003FFFF) (0x1003FFFF) for IGBudy3.txd
[01:56:23] SUCCESS: debug_functions.py:484 in success() - Detected RW version Unknown (0xC02FFFF) (0xC02FFFF) for IGCandy.dff
[01:56:23] SUCCESS: debug_functions.py:484 in success() - Detected RW version Unknown (0x1003FFFF) (0x1003FFFF) for IGCandy.txd
[01:56:23] SUCCESS: debug_functions.py:484 in success() - Detected RW version Unknown (0xC02FFFF) (0xC02FFFF) for IGColon.dff
[01:56:23] SUCCESS: debug_functions.py:484 in success() - Detected RW version Unknown (0x1003FFFF) (0x1003FFFF) for IGColon.txd
[01:56:23] SUCCESS: debug_functions.py:484 in success() - Detected RW version Unknown (0xC02FFFF) (0xC02FFFF) for IGDiaz.dff
[01:56:23] SUCCESS: debug_functions.py:484 in success() - Detected RW version Unknown (0x1003FFFF) (0x1003FFFF) for IGDiaz.txd
[01:56:23] SUCCESS: debug_functions.py:484 in success() - Detected RW version Unknown (0xC02FFFF) (0xC02FFFF) for IGDick.dff
[01:56:23] SUCCESS: debug_functions.py:484 in success() - Detected RW version Unknown (0x1003FFFF) (0x1003FFFF) for IGDick.txd
[01:56:23] SUCCESS: debug_functions.py:484 in success() - Detected RW version Unknown (0xC02FFFF) (0xC02FFFF) for IGGonz.dff
[01:56:23] SUCCESS: debug_functions.py:484 in success() - Detected RW version Unknown (0x1003FFFF) (0x1003FFFF) for IGGonz.txd
[01:56:23] SUCCESS: debug_functions.py:484 in success() - Detected RW version Unknown (0xC02FFFF) (0xC02FFFF) for IGHlary.dff
[01:56:23] SUCCESS: debug_functions.py:484 in success() - Detected RW version Unknown (0x1003FFFF) (0x1003FFFF) for IGHlary.txd
[01:56:23] SUCCESS: debug_functions.py:484 in success() - Detected RW version Unknown (0xC02FFFF) (0xC02FFFF) for IGHlry2.dff
[01:56:23] SUCCESS: debug_functions.py:484 in success() - Detected RW version Unknown (0x1003FFFF) (0x1003FFFF) for IGHlry2.txd
[01:56:23] SUCCESS: debug_functions.py:484 in success() - Detected RW version Unknown (0xC02FFFF) (0xC02FFFF) for IGJezz.dff
[01:56:23] SUCCESS: debug_functions.py:484 in success() - Detected RW version Unknown (0x1003FFFF) (0x1003FFFF) for IGJezz.txd
[01:56:23] SUCCESS: debug_functions.py:484 in success() - Detected RW version Unknown (0xC02FFFF) (0xC02FFFF) for IGKen.dff
[01:56:23] SUCCESS: debug_functions.py:484 in success() - Detected RW version Unknown (0x1003FFFF) (0x1003FFFF) for IGKen.txd
[01:56:23] SUCCESS: debug_functions.py:484 in success() - Detected RW version Unknown (0xC02FFFF) (0xC02FFFF) for IGMerc.dff
[01:56:23] SUCCESS: debug_functions.py:484 in success() - Detected RW version Unknown (0x1003FFFF) (0x1003FFFF) for IGMerc.txd
[01:56:23] SUCCESS: debug_functions.py:484 in success() - Detected RW version Unknown (0xC02FFFF) (0xC02FFFF) for IGMerc2.dff
[01:56:23] SUCCESS: debug_functions.py:484 in success() - Detected RW version Unknown (0x1003FFFF) (0x1003FFFF) for IGMerc2.txd
[01:56:23] SUCCESS: debug_functions.py:484 in success() - Detected RW version Unknown (0xC02FFFF) (0xC02FFFF) for IGmike.dff
[01:56:23] SUCCESS: debug_functions.py:484 in success() - Detected RW version Unknown (0x1003FFFF) (0x1003FFFF) for IGmike.txd
[01:56:23] SUCCESS: debug_functions.py:484 in success() - Detected RW version Unknown (0xC02FFFF) (0xC02FFFF) for IGMike2.dff
[01:56:23] SUCCESS: debug_functions.py:484 in success() - Detected RW version Unknown (0x1003FFFF) (0x1003FFFF) for IGMike2.txd
[01:56:23] SUCCESS: debug_functions.py:484 in success() - Detected RW version Unknown (0xC02FFFF) (0xC02FFFF) for IGPercy.dff
[01:56:23] SUCCESS: debug_functions.py:484 in success() - Detected RW version Unknown (0x1003FFFF) (0x1003FFFF) for IGPercy.txd
[01:56:23] SUCCESS: debug_functions.py:484 in success() - Detected RW version Unknown (0xC02FFFF) (0xC02FFFF) for IGPhil.dff
[01:56:23] SUCCESS: debug_functions.py:484 in success() - Detected RW version Unknown (0x1003FFFF) (0x1003FFFF) for IGPhil.txd
[01:56:23] SUCCESS: debug_functions.py:484 in success() - Detected RW version Unknown (0xC02FFFF) (0xC02FFFF) for IGphil2.dff
[01:56:23] SUCCESS: debug_functions.py:484 in success() - Detected RW version Unknown (0x1003FFFF) (0x1003FFFF) for IGphil2.txd
[01:56:23] SUCCESS: debug_functions.py:484 in success() - Detected RW version Unknown (0xC02FFFF) (0xC02FFFF) for IGPhil3.dff
[01:56:23] SUCCESS: debug_functions.py:484 in success() - Detected RW version Unknown (0x1003FFFF) (0x1003FFFF) for IGPhil3.txd
[01:56:23] SUCCESS: debug_functions.py:484 in success() - Detected RW version Unknown (0xC02FFFF) (0xC02FFFF) for IGSonny.dff
[01:56:23] SUCCESS: debug_functions.py:484 in success() - Detected RW version Unknown (0x1003FFFF) (0x1003FFFF) for IGSonny.txd
[01:56:23] SUCCESS: debug_functions.py:484 in success() - Detected RW version Unknown (0xC02FFFF) (0xC02FFFF) for jfoto.dff
[01:56:23] SUCCESS: debug_functions.py:484 in success() - Detected RW version Unknown (0x1003FFFF) (0x1003FFFF) for jfoto.txd
[01:56:23] SUCCESS: debug_functions.py:484 in success() - Detected RW version Unknown (0xC02FFFF) (0xC02FFFF) for jmoto.dff
[01:56:23] SUCCESS: debug_functions.py:484 in success() - Detected RW version Unknown (0x1003FFFF) (0x1003FFFF) for jmoto.txd
[01:56:23] SUCCESS: debug_functions.py:484 in success() - Detected RW version Unknown (0xC02FFFF) (0xC02FFFF) for kentpaul.dff
[01:56:23] SUCCESS: debug_functions.py:484 in success() - Detected RW version Unknown (0x1003FFFF) (0x1003FFFF) for kentpaul.txd
[01:56:23] SUCCESS: debug_functions.py:484 in success() - Detected RW version Unknown (0xC02FFFF) (0xC02FFFF) for lawyer.dff
[01:56:23] SUCCESS: debug_functions.py:484 in success() - Detected RW version Unknown (0x1003FFFF) (0x1003FFFF) for lawyer.txd
[01:56:23] SUCCESS: debug_functions.py:484 in success() - Detected RW version Unknown (0xC02FFFF) (0xC02FFFF) for male01.dff
[01:56:23] SUCCESS: debug_functions.py:484 in success() - Detected RW version Unknown (0x1003FFFF) (0x1003FFFF) for male01.txd
[01:56:23] SUCCESS: debug_functions.py:484 in success() - Detected RW version Unknown (0xC02FFFF) (0xC02FFFF) for Mba.dff
[01:56:23] SUCCESS: debug_functions.py:484 in success() - Detected RW version Unknown (0x1003FFFF) (0x1003FFFF) for Mba.txd
[01:56:23] SUCCESS: debug_functions.py:484 in success() - Detected RW version Unknown (0xC02FFFF) (0xC02FFFF) for Mbb.dff
[01:56:23] SUCCESS: debug_functions.py:484 in success() - Detected RW version Unknown (0x1003FFFF) (0x1003FFFF) for Mbb.txd
[01:56:23] SUCCESS: debug_functions.py:484 in success() - Detected RW version Unknown (0xC02FFFF) (0xC02FFFF) for medic.dff
[01:56:23] SUCCESS: debug_functions.py:484 in success() - Detected RW version Unknown (0x1003FFFF) (0x1003FFFF) for medic.txd
[01:56:23] SUCCESS: debug_functions.py:484 in success() - Detected RW version Unknown (0x1003FFFF) (0x1003FFFF) for Pga.dff
[01:56:23] SUCCESS: debug_functions.py:484 in success() - Detected RW version Unknown (0x1003FFFF) (0x1003FFFF) for Pga.txd
[01:56:23] SUCCESS: debug_functions.py:484 in success() - Detected RW version Unknown (0x1003FFFF) (0x1003FFFF) for Pgb.dff
[01:56:23] SUCCESS: debug_functions.py:484 in success() - Detected RW version Unknown (0x1003FFFF) (0x1003FFFF) for Pgb.txd
[01:56:23] SUCCESS: debug_functions.py:484 in success() - Detected RW version Unknown (0xC02FFFF) (0xC02FFFF) for play10.dff
[01:56:23] SUCCESS: debug_functions.py:484 in success() - Detected RW version Unknown (0x1003FFFF) (0x1003FFFF) for play10.txd
[01:56:23] SUCCESS: debug_functions.py:484 in success() - Detected RW version Unknown (0xC02FFFF) (0xC02FFFF) for play11.dff
[01:56:23] SUCCESS: debug_functions.py:484 in success() - Detected RW version Unknown (0x1003FFFF) (0x1003FFFF) for play11.txd
[01:56:23] SUCCESS: debug_functions.py:484 in success() - Detected RW version Unknown (0xC02FFFF) (0xC02FFFF) for play12.dff
[01:56:23] SUCCESS: debug_functions.py:484 in success() - Detected RW version Unknown (0x1003FFFF) (0x1003FFFF) for play12.txd
[01:56:23] SUCCESS: debug_functions.py:484 in success() - Detected RW version Unknown (0xC02FFFF) (0xC02FFFF) for player2.dff
[01:56:23] SUCCESS: debug_functions.py:484 in success() - Detected RW version Unknown (0x1003FFFF) (0x1003FFFF) for player2.txd
[01:56:23] SUCCESS: debug_functions.py:484 in success() - Detected RW version Unknown (0xC02FFFF) (0xC02FFFF) for player3.dff
[01:56:23] SUCCESS: debug_functions.py:484 in success() - Detected RW version Unknown (0x1003FFFF) (0x1003FFFF) for player3.txd
[01:56:23] SUCCESS: debug_functions.py:484 in success() - Detected RW version Unknown (0xC02FFFF) (0xC02FFFF) for player4.dff
[01:56:23] SUCCESS: debug_functions.py:484 in success() - Detected RW version Unknown (0x1003FFFF) (0x1003FFFF) for player4.txd
[01:56:23] SUCCESS: debug_functions.py:484 in success() - Detected RW version Unknown (0xC02FFFF) (0xC02FFFF) for player5.dff
[01:56:23] SUCCESS: debug_functions.py:484 in success() - Detected RW version Unknown (0x1003FFFF) (0x1003FFFF) for player5.txd
[01:56:23] SUCCESS: debug_functions.py:484 in success() - Detected RW version Unknown (0x1003FFFF) (0x1003FFFF) for player6.dff
[01:56:23] SUCCESS: debug_functions.py:484 in success() - Detected RW version Unknown (0x1003FFFF) (0x1003FFFF) for player6.txd
[01:56:23] SUCCESS: debug_functions.py:484 in success() - Detected RW version Unknown (0xC02FFFF) (0xC02FFFF) for player7.dff
[01:56:23] SUCCESS: debug_functions.py:484 in success() - Detected RW version Unknown (0x1003FFFF) (0x1003FFFF) for player7.txd
[01:56:23] SUCCESS: debug_functions.py:484 in success() - Detected RW version Unknown (0xC02FFFF) (0xC02FFFF) for player8.dff
[01:56:23] SUCCESS: debug_functions.py:484 in success() - Detected RW version Unknown (0x1003FFFF) (0x1003FFFF) for player8.txd
[01:56:23] SUCCESS: debug_functions.py:484 in success() - Detected RW version Unknown (0xC02FFFF) (0xC02FFFF) for player9.dff
[01:56:23] SUCCESS: debug_functions.py:484 in success() - Detected RW version Unknown (0x1003FFFF) (0x1003FFFF) for player9.txd
[01:56:23] SUCCESS: debug_functions.py:484 in success() - Detected RW version Unknown (0xC02FFFF) (0xC02FFFF) for psycho.dff
[01:56:23] SUCCESS: debug_functions.py:484 in success() - Detected RW version Unknown (0x1003FFFF) (0x1003FFFF) for psycho.txd
[01:56:23] SUCCESS: debug_functions.py:484 in success() - Detected RW version Unknown (0xC02FFFF) (0xC02FFFF) for S_keep.dff
[01:56:23] SUCCESS: debug_functions.py:484 in success() - Detected RW version Unknown (0x1003FFFF) (0x1003FFFF) for S_keep.txd
[01:56:23] SUCCESS: debug_functions.py:484 in success() - Detected RW version Unknown (0xC02FFFF) (0xC02FFFF) for sam.dff
[01:56:23] SUCCESS: debug_functions.py:484 in success() - Detected RW version Unknown (0x1003FFFF) (0x1003FFFF) for sam.txd
[01:56:23] SUCCESS: debug_functions.py:484 in success() - Detected RW version Unknown (0xC02FFFF) (0xC02FFFF) for Sga.dff
[01:56:23] SUCCESS: debug_functions.py:484 in success() - Detected RW version Unknown (0x1003FFFF) (0x1003FFFF) for Sga.txd
[01:56:23] SUCCESS: debug_functions.py:484 in success() - Detected RW version Unknown (0xC02FFFF) (0xC02FFFF) for Sgb.dff
[01:56:23] SUCCESS: debug_functions.py:484 in success() - Detected RW version Unknown (0x1003FFFF) (0x1003FFFF) for Sgb.txd
[01:56:23] SUCCESS: debug_functions.py:484 in success() - Detected RW version Unknown (0xC02FFFF) (0xC02FFFF) for sgc.dff
[01:56:23] SUCCESS: debug_functions.py:484 in success() - Detected RW version Unknown (0x1003FFFF) (0x1003FFFF) for sgc.txd
[01:56:23] SUCCESS: debug_functions.py:484 in success() - Detected RW version Unknown (0xC02FFFF) (0xC02FFFF) for spandxa.dff
[01:56:23] SUCCESS: debug_functions.py:484 in success() - Detected RW version Unknown (0x1003FFFF) (0x1003FFFF) for spandxa.txd
[01:56:23] SUCCESS: debug_functions.py:484 in success() - Detected RW version Unknown (0xC02FFFF) (0xC02FFFF) for spandxb.dff
[01:56:23] SUCCESS: debug_functions.py:484 in success() - Detected RW version Unknown (0x1003FFFF) (0x1003FFFF) for spandxb.txd
[01:56:23] SUCCESS: debug_functions.py:484 in success() - Detected RW version Unknown (0xC02FFFF) (0xC02FFFF) for Stripa.dff
[01:56:23] SUCCESS: debug_functions.py:484 in success() - Detected RW version Unknown (0x1003FFFF) (0x1003FFFF) for Stripa.txd
[01:56:23] SUCCESS: debug_functions.py:484 in success() - Detected RW version Unknown (0xC02FFFF) (0xC02FFFF) for stripb.dff
[01:56:23] SUCCESS: debug_functions.py:484 in success() - Detected RW version Unknown (0x1003FFFF) (0x1003FFFF) for stripb.txd
[01:56:23] SUCCESS: debug_functions.py:484 in success() - Detected RW version Unknown (0xC02FFFF) (0xC02FFFF) for stripc.dff
[01:56:23] SUCCESS: debug_functions.py:484 in success() - Detected RW version Unknown (0x1003FFFF) (0x1003FFFF) for stripc.txd
[01:56:23] SUCCESS: debug_functions.py:484 in success() - Detected RW version Unknown (0xC02FFFF) (0xC02FFFF) for swat.dff
[01:56:23] SUCCESS: debug_functions.py:484 in success() - Detected RW version Unknown (0x1003FFFF) (0x1003FFFF) for swat.txd
[01:56:23] SUCCESS: debug_functions.py:484 in success() - Detected RW version Unknown (0xC02FFFF) (0xC02FFFF) for taxi_d.dff
[01:56:23] SUCCESS: debug_functions.py:484 in success() - Detected RW version Unknown (0x1003FFFF) (0x1003FFFF) for taxi_d.txd
[01:56:23] SUCCESS: debug_functions.py:484 in success() - Detected RW version Unknown (0xC02FFFF) (0xC02FFFF) for vice1.dff
[01:56:23] SUCCESS: debug_functions.py:484 in success() - Detected RW version Unknown (0x1003FFFF) (0x1003FFFF) for vice1.txd
[01:56:23] SUCCESS: debug_functions.py:484 in success() - Detected RW version Unknown (0xC02FFFF) (0xC02FFFF) for vice2.dff
[01:56:23] SUCCESS: debug_functions.py:484 in success() - Detected RW version Unknown (0x1003FFFF) (0x1003FFFF) for vice2.txd
[01:56:23] SUCCESS: debug_functions.py:484 in success() - Detected RW version Unknown (0xC02FFFF) (0xC02FFFF) for vice3.dff
[01:56:23] SUCCESS: debug_functions.py:484 in success() - Detected RW version Unknown (0x1003FFFF) (0x1003FFFF) for vice3.txd
[01:56:23] SUCCESS: debug_functions.py:484 in success() - Detected RW version Unknown (0xC02FFFF) (0xC02FFFF) for vice4.dff
[01:56:23] SUCCESS: debug_functions.py:484 in success() - Detected RW version Unknown (0x1003FFFF) (0x1003FFFF) for vice4.txd
[01:56:23] SUCCESS: debug_functions.py:484 in success() - Detected RW version Unknown (0xC02FFFF) (0xC02FFFF) for vice5.dff
[01:56:23] SUCCESS: debug_functions.py:484 in success() - Detected RW version Unknown (0x1003FFFF) (0x1003FFFF) for vice5.txd
[01:56:23] SUCCESS: debug_functions.py:484 in success() - Detected RW version Unknown (0xC02FFFF) (0xC02FFFF) for vice6.dff
[01:56:23] SUCCESS: debug_functions.py:484 in success() - Detected RW version Unknown (0x1003FFFF) (0x1003FFFF) for vice6.txd
[01:56:23] SUCCESS: debug_functions.py:484 in success() - Detected RW version Unknown (0xC02FFFF) (0xC02FFFF) for vice7.dff
[01:56:23] SUCCESS: debug_functions.py:484 in success() - Detected RW version Unknown (0x1003FFFF) (0x1003FFFF) for vice7.txd
[01:56:23] SUCCESS: debug_functions.py:484 in success() - Detected RW version Unknown (0xC02FFFF) (0xC02FFFF) for vice8.dff
[01:56:23] SUCCESS: debug_functions.py:484 in success() - Detected RW version Unknown (0x1003FFFF) (0x1003FFFF) for vice8.txd
[01:56:23] SUCCESS: debug_functions.py:484 in success() - Detected RW version Unknown (0xC02FFFF) (0xC02FFFF) for wfobe.dff
[01:56:23] SUCCESS: debug_functions.py:484 in success() - Detected RW version Unknown (0x1003FFFF) (0x1003FFFF) for wfobe.txd
[01:56:23] SUCCESS: debug_functions.py:484 in success() - Detected RW version Unknown (0xC02FFFF) (0xC02FFFF) for wfogo.dff
[01:56:23] SUCCESS: debug_functions.py:484 in success() - Detected RW version Unknown (0x1003FFFF) (0x1003FFFF) for wfogo.txd
[01:56:23] SUCCESS: debug_functions.py:484 in success() - Detected RW version Unknown (0xC02FFFF) (0xC02FFFF) for wfori.dff
[01:56:23] SUCCESS: debug_functions.py:484 in success() - Detected RW version Unknown (0x1003FFFF) (0x1003FFFF) for wfori.txd
[01:56:23] SUCCESS: debug_functions.py:484 in success() - Detected RW version Unknown (0xC02FFFF) (0xC02FFFF) for wfosh.dff
[01:56:23] SUCCESS: debug_functions.py:484 in success() - Detected RW version Unknown (0x1003FFFF) (0x1003FFFF) for wfosh.txd
[01:56:23] SUCCESS: debug_functions.py:484 in success() - Detected RW version Unknown (0xC02FFFF) (0xC02FFFF) for wfost.dff
[01:56:23] SUCCESS: debug_functions.py:484 in success() - Detected RW version Unknown (0x1003FFFF) (0x1003FFFF) for wfost.txd
[01:56:23] SUCCESS: debug_functions.py:484 in success() - Detected RW version Unknown (0xC02FFFF) (0xC02FFFF) for wfotr.dff
[01:56:23] SUCCESS: debug_functions.py:484 in success() - Detected RW version Unknown (0x1003FFFF) (0x1003FFFF) for wfotr.txd
[01:56:23] SUCCESS: debug_functions.py:484 in success() - Detected RW version Unknown (0xC02FFFF) (0xC02FFFF) for wfybe.dff
[01:56:23] SUCCESS: debug_functions.py:484 in success() - Detected RW version Unknown (0x1003FFFF) (0x1003FFFF) for wfybe.txd
[01:56:23] SUCCESS: debug_functions.py:484 in success() - Detected RW version Unknown (0xC02FFFF) (0xC02FFFF) for wfybu.dff
[01:56:23] SUCCESS: debug_functions.py:484 in success() - Detected RW version Unknown (0x1003FFFF) (0x1003FFFF) for wfybu.txd
[01:56:23] SUCCESS: debug_functions.py:484 in success() - Detected RW version Unknown (0xC02FFFF) (0xC02FFFF) for wfycst.dff
[01:56:23] SUCCESS: debug_functions.py:484 in success() - Detected RW version Unknown (0x1003FFFF) (0x1003FFFF) for wfycst.txd
[01:56:23] SUCCESS: debug_functions.py:484 in success() - Detected RW version Unknown (0xC02FFFF) (0xC02FFFF) for wfyg1.dff
[01:56:23] SUCCESS: debug_functions.py:484 in success() - Detected RW version Unknown (0x1003FFFF) (0x1003FFFF) for wfyg1.txd
[01:56:23] SUCCESS: debug_functions.py:484 in success() - Detected RW version Unknown (0xC02FFFF) (0xC02FFFF) for wfyg2.dff
[01:56:23] SUCCESS: debug_functions.py:484 in success() - Detected RW version Unknown (0x1003FFFF) (0x1003FFFF) for wfyg2.txd
[01:56:23] SUCCESS: debug_functions.py:484 in success() - Detected RW version Unknown (0xC02FFFF) (0xC02FFFF) for wfyjg.dff
[01:56:23] SUCCESS: debug_functions.py:484 in success() - Detected RW version Unknown (0x1003FFFF) (0x1003FFFF) for wfyjg.txd
[01:56:23] SUCCESS: debug_functions.py:484 in success() - Detected RW version Unknown (0xC02FFFF) (0xC02FFFF) for WFYLG.dff
[01:56:23] SUCCESS: debug_functions.py:484 in success() - Detected RW version Unknown (0x1003FFFF) (0x1003FFFF) for WFYLG.txd
[01:56:23] SUCCESS: debug_functions.py:484 in success() - Detected RW version Unknown (0xC02FFFF) (0xC02FFFF) for wfypr.dff
[01:56:23] SUCCESS: debug_functions.py:484 in success() - Detected RW version Unknown (0x1003FFFF) (0x1003FFFF) for wfypr.txd
[01:56:23] SUCCESS: debug_functions.py:484 in success() - Detected RW version Unknown (0xC02FFFF) (0xC02FFFF) for wfyri.dff
[01:56:23] SUCCESS: debug_functions.py:484 in success() - Detected RW version Unknown (0x1003FFFF) (0x1003FFFF) for wfyri.txd
[01:56:23] SUCCESS: debug_functions.py:484 in success() - Detected RW version Unknown (0xC02FFFF) (0xC02FFFF) for wfysh.dff
[01:56:23] SUCCESS: debug_functions.py:484 in success() - Detected RW version Unknown (0x1003FFFF) (0x1003FFFF) for wfysh.txd
[01:56:23] SUCCESS: debug_functions.py:484 in success() - Detected RW version Unknown (0xC02FFFF) (0xC02FFFF) for wfysk.dff
[01:56:23] SUCCESS: debug_functions.py:484 in success() - Detected RW version Unknown (0x1003FFFF) (0x1003FFFF) for wfysk.txd
[01:56:23] SUCCESS: debug_functions.py:484 in success() - Detected RW version Unknown (0xC02FFFF) (0xC02FFFF) for wfyst.dff
[01:56:23] SUCCESS: debug_functions.py:484 in success() - Detected RW version Unknown (0x1003FFFF) (0x1003FFFF) for wfyst.txd
[01:56:23] SUCCESS: debug_functions.py:484 in success() - Detected RW version Unknown (0xC02FFFF) (0xC02FFFF) for wmobe.dff
[01:56:23] SUCCESS: debug_functions.py:484 in success() - Detected RW version Unknown (0x1003FFFF) (0x1003FFFF) for wmobe.txd
[01:56:23] SUCCESS: debug_functions.py:484 in success() - Detected RW version Unknown (0xC02FFFF) (0xC02FFFF) for wmobu.dff
[01:56:23] SUCCESS: debug_functions.py:484 in success() - Detected RW version Unknown (0x1003FFFF) (0x1003FFFF) for wmobu.txd
[01:56:23] SUCCESS: debug_functions.py:484 in success() - Detected RW version Unknown (0xC02FFFF) (0xC02FFFF) for wmoca.dff
[01:56:23] SUCCESS: debug_functions.py:484 in success() - Detected RW version Unknown (0x1003FFFF) (0x1003FFFF) for wmoca.txd
[01:56:23] SUCCESS: debug_functions.py:484 in success() - Detected RW version Unknown (0xC02FFFF) (0xC02FFFF) for wmogo.dff
[01:56:23] SUCCESS: debug_functions.py:484 in success() - Detected RW version Unknown (0x1003FFFF) (0x1003FFFF) for wmogo.txd
[01:56:23] SUCCESS: debug_functions.py:484 in success() - Detected RW version Unknown (0xC02FFFF) (0xC02FFFF) for wmori.dff
[01:56:23] SUCCESS: debug_functions.py:484 in success() - Detected RW version Unknown (0x1003FFFF) (0x1003FFFF) for wmori.txd
[01:56:23] SUCCESS: debug_functions.py:484 in success() - Detected RW version Unknown (0xC02FFFF) (0xC02FFFF) for wmost.dff
[01:56:23] SUCCESS: debug_functions.py:484 in success() - Detected RW version Unknown (0x1003FFFF) (0x1003FFFF) for wmost.txd
[01:56:23] SUCCESS: debug_functions.py:484 in success() - Detected RW version Unknown (0xC02FFFF) (0xC02FFFF) for wmotr.dff
[01:56:23] SUCCESS: debug_functions.py:484 in success() - Detected RW version Unknown (0x1003FFFF) (0x1003FFFF) for wmotr.txd
[01:56:23] SUCCESS: debug_functions.py:484 in success() - Detected RW version Unknown (0xC02FFFF) (0xC02FFFF) for wmybe.dff
[01:56:23] SUCCESS: debug_functions.py:484 in success() - Detected RW version Unknown (0x1003FFFF) (0x1003FFFF) for wmybe.txd
[01:56:23] SUCCESS: debug_functions.py:484 in success() - Detected RW version Unknown (0xC02FFFF) (0xC02FFFF) for wmybu.dff
[01:56:23] SUCCESS: debug_functions.py:484 in success() - Detected RW version Unknown (0x1003FFFF) (0x1003FFFF) for wmybu.txd
[01:56:23] SUCCESS: debug_functions.py:484 in success() - Detected RW version Unknown (0xC02FFFF) (0xC02FFFF) for wmycr.dff
[01:56:23] SUCCESS: debug_functions.py:484 in success() - Detected RW version Unknown (0x1003FFFF) (0x1003FFFF) for wmycr.txd
[01:56:23] SUCCESS: debug_functions.py:484 in success() - Detected RW version Unknown (0xC02FFFF) (0xC02FFFF) for wmycw.dff
[01:56:23] SUCCESS: debug_functions.py:484 in success() - Detected RW version Unknown (0x1003FFFF) (0x1003FFFF) for wmycw.txd
[01:56:23] SUCCESS: debug_functions.py:484 in success() - Detected RW version Unknown (0xC02FFFF) (0xC02FFFF) for wmygo.dff
[01:56:23] SUCCESS: debug_functions.py:484 in success() - Detected RW version Unknown (0x1003FFFF) (0x1003FFFF) for wmygo.txd
[01:56:23] SUCCESS: debug_functions.py:484 in success() - Detected RW version Unknown (0xC02FFFF) (0xC02FFFF) for wmyjg.dff
[01:56:23] SUCCESS: debug_functions.py:484 in success() - Detected RW version Unknown (0x1003FFFF) (0x1003FFFF) for wmyjg.txd
[01:56:23] SUCCESS: debug_functions.py:484 in success() - Detected RW version Unknown (0xC02FFFF) (0xC02FFFF) for WMYLG.dff
[01:56:23] SUCCESS: debug_functions.py:484 in success() - Detected RW version Unknown (0x1003FFFF) (0x1003FFFF) for WMYLG.txd
[01:56:23] SUCCESS: debug_functions.py:484 in success() - Detected RW version Unknown (0xC02FFFF) (0xC02FFFF) for wmypi.dff
[01:56:23] SUCCESS: debug_functions.py:484 in success() - Detected RW version Unknown (0x1003FFFF) (0x1003FFFF) for wmypi.txd
[01:56:23] SUCCESS: debug_functions.py:484 in success() - Detected RW version Unknown (0xC02FFFF) (0xC02FFFF) for wmyri.dff
[01:56:23] SUCCESS: debug_functions.py:484 in success() - Detected RW version Unknown (0x1003FFFF) (0x1003FFFF) for wmyri.txd
[01:56:23] SUCCESS: debug_functions.py:484 in success() - Detected RW version Unknown (0xC02FFFF) (0xC02FFFF) for wmysk.dff
[01:56:23] SUCCESS: debug_functions.py:484 in success() - Detected RW version Unknown (0x1003FFFF) (0x1003FFFF) for wmysk.txd
[01:56:23] SUCCESS: debug_functions.py:484 in success() - Detected RW version Unknown (0xC02FFFF) (0xC02FFFF) for wmyst.dff
[01:56:23] SUCCESS: debug_functions.py:484 in success() - Detected RW version Unknown (0x1003FFFF) (0x1003FFFF) for wmyst.txd
[01:56:23] SUCCESS: debug_functions.py:484 in success() - Detected RW version Unknown (0xC02FFFF) (0xC02FFFF) for admiral.dff
[01:56:23] SUCCESS: debug_functions.py:484 in success() - Detected RW version Unknown (0x1003FFFF) (0x1003FFFF) for admiral.txd
[01:56:23] SUCCESS: debug_functions.py:484 in success() - Detected RW version Unknown (0xC02FFFF) (0xC02FFFF) for ambulan.dff
[01:56:23] SUCCESS: debug_functions.py:484 in success() - Detected RW version Unknown (0x1003FFFF) (0x1003FFFF) for ambulan.txd
[01:56:23] SUCCESS: debug_functions.py:484 in success() - Detected RW version Unknown (0xC02FFFF) (0xC02FFFF) for angel.dff
[01:56:23] SUCCESS: debug_functions.py:484 in success() - Detected RW version Unknown (0x1003FFFF) (0x1003FFFF) for angel.txd
[01:56:23] SUCCESS: debug_functions.py:484 in success() - Detected RW version Unknown (0xC02FFFF) (0xC02FFFF) for baggage.dff
[01:56:23] SUCCESS: debug_functions.py:484 in success() - Detected RW version Unknown (0x1003FFFF) (0x1003FFFF) for baggage.txd
[01:56:23] SUCCESS: debug_functions.py:484 in success() - Detected RW version Unknown (0xC02FFFF) (0xC02FFFF) for banshee.dff
[01:56:23] SUCCESS: debug_functions.py:484 in success() - Detected RW version Unknown (0x1003FFFF) (0x1003FFFF) for banshee.txd
[01:56:23] SUCCESS: debug_functions.py:484 in success() - Detected RW version Unknown (0xC02FFFF) (0xC02FFFF) for barracks.dff
[01:56:23] SUCCESS: debug_functions.py:484 in success() - Detected RW version Unknown (0x1003FFFF) (0x1003FFFF) for barracks.txd
[01:56:23] SUCCESS: debug_functions.py:484 in success() - Detected RW version Unknown (0xC02FFFF) (0xC02FFFF) for benson.dff
[01:56:23] SUCCESS: debug_functions.py:484 in success() - Detected RW version Unknown (0x1003FFFF) (0x1003FFFF) for benson.txd
[01:56:23] SUCCESS: debug_functions.py:484 in success() - Detected RW version Unknown (0xC02FFFF) (0xC02FFFF) for bfinject.dff
[01:56:23] SUCCESS: debug_functions.py:484 in success() - Detected RW version Unknown (0x1003FFFF) (0x1003FFFF) for bfinject.txd
[01:56:23] SUCCESS: debug_functions.py:484 in success() - Detected RW version Unknown (0xC02FFFF) (0xC02FFFF) for blistac.dff
[01:56:23] SUCCESS: debug_functions.py:484 in success() - Detected RW version Unknown (0x1003FFFF) (0x1003FFFF) for blistac.txd
[01:56:23] SUCCESS: debug_functions.py:484 in success() - Detected RW version Unknown (0xC02FFFF) (0xC02FFFF) for bloodra.dff
[01:56:23] SUCCESS: debug_functions.py:484 in success() - Detected RW version Unknown (0x1003FFFF) (0x1003FFFF) for bloodra.txd
[01:56:23] SUCCESS: debug_functions.py:484 in success() - Detected RW version Unknown (0xC02FFFF) (0xC02FFFF) for bloodrb.dff
[01:56:23] SUCCESS: debug_functions.py:484 in success() - Detected RW version Unknown (0x1003FFFF) (0x1003FFFF) for bloodrb.txd
[01:56:23] SUCCESS: debug_functions.py:484 in success() - Detected RW version Unknown (0xC02FFFF) (0xC02FFFF) for bobcat.dff
[01:56:23] SUCCESS: debug_functions.py:484 in success() - Detected RW version Unknown (0x1003FFFF) (0x1003FFFF) for bobcat.txd
[01:56:23] SUCCESS: debug_functions.py:484 in success() - Detected RW version Unknown (0xC02FFFF) (0xC02FFFF) for boxville.dff
[01:56:23] SUCCESS: debug_functions.py:484 in success() - Detected RW version Unknown (0x1003FFFF) (0x1003FFFF) for boxville.txd
[01:56:23] SUCCESS: debug_functions.py:484 in success() - Detected RW version Unknown (0xC02FFFF) (0xC02FFFF) for burrito.dff
[01:56:23] SUCCESS: debug_functions.py:484 in success() - Detected RW version Unknown (0x1003FFFF) (0x1003FFFF) for burrito.txd
[01:56:23] SUCCESS: debug_functions.py:484 in success() - Detected RW version Unknown (0xC02FFFF) (0xC02FFFF) for bus.dff
[01:56:23] SUCCESS: debug_functions.py:484 in success() - Detected RW version Unknown (0x1003FFFF) (0x1003FFFF) for bus.txd
[01:56:23] SUCCESS: debug_functions.py:484 in success() - Detected RW version Unknown (0xC02FFFF) (0xC02FFFF) for cabbie.dff
[01:56:23] SUCCESS: debug_functions.py:484 in success() - Detected RW version Unknown (0x1003FFFF) (0x1003FFFF) for cabbie.txd
[01:56:23] SUCCESS: debug_functions.py:484 in success() - Detected RW version Unknown (0xC02FFFF) (0xC02FFFF) for caddy.dff
[01:56:23] SUCCESS: debug_functions.py:484 in success() - Detected RW version Unknown (0x1003FFFF) (0x1003FFFF) for caddy.txd
[01:56:23] SUCCESS: debug_functions.py:484 in success() - Detected RW version Unknown (0xC02FFFF) (0xC02FFFF) for cheetah.dff
[01:56:23] SUCCESS: debug_functions.py:484 in success() - Detected RW version Unknown (0x1003FFFF) (0x1003FFFF) for cheetah.txd
[01:56:23] SUCCESS: debug_functions.py:484 in success() - Detected RW version Unknown (0xC02FFFF) (0xC02FFFF) for chopper.dff
[01:56:23] SUCCESS: debug_functions.py:484 in success() - Detected RW version Unknown (0x1003FFFF) (0x1003FFFF) for chopper.txd
[01:56:23] SUCCESS: debug_functions.py:484 in success() - Detected RW version Unknown (0xC02FFFF) (0xC02FFFF) for coach.dff
[01:56:23] SUCCESS: debug_functions.py:484 in success() - Detected RW version Unknown (0x1003FFFF) (0x1003FFFF) for coach.txd
[01:56:23] SUCCESS: debug_functions.py:484 in success() - Detected RW version Unknown (0xC02FFFF) (0xC02FFFF) for coastg.dff
[01:56:23] SUCCESS: debug_functions.py:484 in success() - Detected RW version Unknown (0x1003FFFF) (0x1003FFFF) for coastg.txd
[01:56:23] SUCCESS: debug_functions.py:484 in success() - Detected RW version Unknown (0xC02FFFF) (0xC02FFFF) for comet.dff
[01:56:23] SUCCESS: debug_functions.py:484 in success() - Detected RW version Unknown (0x1003FFFF) (0x1003FFFF) for comet.txd
[01:56:23] SUCCESS: debug_functions.py:484 in success() - Detected RW version Unknown (0xC02FFFF) (0xC02FFFF) for cougar.dff
[01:56:23] SUCCESS: debug_functions.py:484 in success() - Detected RW version Unknown (0xC02FFFF) (0xC02FFFF) for cuban.dff
[01:56:23] SUCCESS: debug_functions.py:484 in success() - Detected RW version Unknown (0x1003FFFF) (0x1003FFFF) for cuban.txd
[01:56:23] SUCCESS: debug_functions.py:484 in success() - Detected RW version 3.0.0.0 GTA3 (PS2) (0x800FFFF) for deaddodo.dff
[01:56:23] SUCCESS: debug_functions.py:484 in success() - Detected RW version Unknown (0x1003FFFF) (0x1003FFFF) for deaddodo.txd
[01:56:23] SUCCESS: debug_functions.py:484 in success() - Detected RW version Unknown (0xC02FFFF) (0xC02FFFF) for deluxo.dff
[01:56:23] SUCCESS: debug_functions.py:484 in success() - Detected RW version Unknown (0x1003FFFF) (0x1003FFFF) for deluxo.txd
[01:56:23] SUCCESS: debug_functions.py:484 in success() - Detected RW version Unknown (0xC02FFFF) (0xC02FFFF) for dinghy.dff
[01:56:23] SUCCESS: debug_functions.py:484 in success() - Detected RW version Unknown (0x1003FFFF) (0x1003FFFF) for dinghy.txd
[01:56:23] SUCCESS: debug_functions.py:484 in success() - Detected RW version Unknown (0xC02FFFF) (0xC02FFFF) for enforcer.dff
[01:56:23] SUCCESS: debug_functions.py:484 in success() - Detected RW version Unknown (0x1003FFFF) (0x1003FFFF) for enforcer.txd
[01:56:23] SUCCESS: debug_functions.py:484 in success() - Detected RW version Unknown (0xC02FFFF) (0xC02FFFF) for esperant.dff
[01:56:23] SUCCESS: debug_functions.py:484 in success() - Detected RW version Unknown (0x1003FFFF) (0x1003FFFF) for esperant.txd
[01:56:23] SUCCESS: debug_functions.py:484 in success() - Detected RW version Unknown (0xC02FFFF) (0xC02FFFF) for exhaust.dff
[01:56:23] SUCCESS: debug_functions.py:484 in success() - Detected RW version Unknown (0xC02FFFF) (0xC02FFFF) for faggio.dff
[01:56:23] SUCCESS: debug_functions.py:484 in success() - Detected RW version Unknown (0x1003FFFF) (0x1003FFFF) for faggio.txd
[01:56:23] SUCCESS: debug_functions.py:484 in success() - Detected RW version Unknown (0xC02FFFF) (0xC02FFFF) for fbicar.dff
[01:56:23] SUCCESS: debug_functions.py:484 in success() - Detected RW version Unknown (0x1003FFFF) (0x1003FFFF) for fbicar.txd
[01:56:23] SUCCESS: debug_functions.py:484 in success() - Detected RW version Unknown (0xC02FFFF) (0xC02FFFF) for fbiranch.dff
[01:56:23] SUCCESS: debug_functions.py:484 in success() - Detected RW version Unknown (0x1003FFFF) (0x1003FFFF) for fbiranch.txd
[01:56:23] SUCCESS: debug_functions.py:484 in success() - Detected RW version Unknown (0xC02FFFF) (0xC02FFFF) for firetruk.dff
[01:56:23] SUCCESS: debug_functions.py:484 in success() - Detected RW version Unknown (0x1003FFFF) (0x1003FFFF) for firetruk.txd
[01:56:23] SUCCESS: debug_functions.py:484 in success() - Detected RW version Unknown (0xC02FFFF) (0xC02FFFF) for flatbed.dff
[01:56:23] SUCCESS: debug_functions.py:484 in success() - Detected RW version Unknown (0x1003FFFF) (0x1003FFFF) for flatbed.txd
[01:56:23] SUCCESS: debug_functions.py:484 in success() - Detected RW version Unknown (0xC02FFFF) (0xC02FFFF) for flatbedbak.dff
[01:56:23] SUCCESS: debug_functions.py:484 in success() - Detected RW version Unknown (0x1003FFFF) (0x1003FFFF) for flatbedbak.txd
[01:56:23] SUCCESS: debug_functions.py:484 in success() - Detected RW version Unknown (0xC02FFFF) (0xC02FFFF) for freeway.dff
[01:56:23] SUCCESS: debug_functions.py:484 in success() - Detected RW version Unknown (0x1003FFFF) (0x1003FFFF) for freeway.txd
[01:56:23] SUCCESS: debug_functions.py:484 in success() - Detected RW version Unknown (0xC02FFFF) (0xC02FFFF) for gangbur.dff
[01:56:23] SUCCESS: debug_functions.py:484 in success() - Detected RW version Unknown (0x1003FFFF) (0x1003FFFF) for gangbur.txd
[01:56:23] SUCCESS: debug_functions.py:484 in success() - Detected RW version Unknown (0xC02FFFF) (0xC02FFFF) for glendale.dff
[01:56:23] SUCCESS: debug_functions.py:484 in success() - Detected RW version Unknown (0x1003FFFF) (0x1003FFFF) for glendale.txd
[01:56:23] SUCCESS: debug_functions.py:484 in success() - Detected RW version Unknown (0xC02FFFF) (0xC02FFFF) for greenwoo.dff
[01:56:23] SUCCESS: debug_functions.py:484 in success() - Detected RW version Unknown (0x1003FFFF) (0x1003FFFF) for greenwoo.txd
[01:56:23] SUCCESS: debug_functions.py:484 in success() - Detected RW version Unknown (0xC02FFFF) (0xC02FFFF) for hermes.dff
[01:56:23] SUCCESS: debug_functions.py:484 in success() - Detected RW version Unknown (0x1003FFFF) (0x1003FFFF) for hermes.txd
[01:56:23] SUCCESS: debug_functions.py:484 in success() - Detected RW version Unknown (0xC02FFFF) (0xC02FFFF) for hotrina.dff
[01:56:23] SUCCESS: debug_functions.py:484 in success() - Detected RW version Unknown (0x1003FFFF) (0x1003FFFF) for hotrina.txd
[01:56:23] SUCCESS: debug_functions.py:484 in success() - Detected RW version Unknown (0xC02FFFF) (0xC02FFFF) for hotrinb.dff
[01:56:23] SUCCESS: debug_functions.py:484 in success() - Detected RW version Unknown (0x1003FFFF) (0x1003FFFF) for hotrinb.txd
[01:56:23] SUCCESS: debug_functions.py:484 in success() - Detected RW version Unknown (0xC02FFFF) (0xC02FFFF) for hotring.dff
[01:56:23] SUCCESS: debug_functions.py:484 in success() - Detected RW version Unknown (0x1003FFFF) (0x1003FFFF) for hotring.txd
[01:56:23] SUCCESS: debug_functions.py:484 in success() - Detected RW version Unknown (0xC02FFFF) (0xC02FFFF) for hunter.dff
[01:56:23] SUCCESS: debug_functions.py:484 in success() - Detected RW version Unknown (0x1003FFFF) (0x1003FFFF) for hunter.txd
[01:56:23] SUCCESS: debug_functions.py:484 in success() - Detected RW version Unknown (0xC02FFFF) (0xC02FFFF) for idaho.dff
[01:56:23] SUCCESS: debug_functions.py:484 in success() - Detected RW version Unknown (0x1003FFFF) (0x1003FFFF) for idaho.txd
[01:56:23] SUCCESS: debug_functions.py:484 in success() - Detected RW version Unknown (0xC02FFFF) (0xC02FFFF) for infernus.dff
[01:56:23] SUCCESS: debug_functions.py:484 in success() - Detected RW version Unknown (0x1003FFFF) (0x1003FFFF) for infernus.txd
[01:56:23] SUCCESS: debug_functions.py:484 in success() - Detected RW version Unknown (0x1003FFFF) (0x1003FFFF) for jetmax.dff
[01:56:23] SUCCESS: debug_functions.py:484 in success() - Detected RW version Unknown (0x1003FFFF) (0x1003FFFF) for jetmax.txd
[01:56:23] SUCCESS: debug_functions.py:484 in success() - Detected RW version Unknown (0xC02FFFF) (0xC02FFFF) for kaufman.dff
[01:56:23] SUCCESS: debug_functions.py:484 in success() - Detected RW version Unknown (0x1003FFFF) (0x1003FFFF) for kaufman.txd
[01:56:23] SUCCESS: debug_functions.py:484 in success() - Detected RW version 3.0.0.0 GTA3 (PS2) (0x800FFFF) for kuruma.dff
[01:56:23] SUCCESS: debug_functions.py:484 in success() - Detected RW version Unknown (0x1003FFFF) (0x1003FFFF) for kuruma.txd
[01:56:23] SUCCESS: debug_functions.py:484 in success() - Detected RW version Unknown (0xC02FFFF) (0xC02FFFF) for landstal.dff
[01:56:23] SUCCESS: debug_functions.py:484 in success() - Detected RW version Unknown (0x1003FFFF) (0x1003FFFF) for landstal.txd
[01:56:23] SUCCESS: debug_functions.py:484 in success() - Detected RW version Unknown (0xC02FFFF) (0xC02FFFF) for linerun.dff
[01:56:23] SUCCESS: debug_functions.py:484 in success() - Detected RW version Unknown (0x1003FFFF) (0x1003FFFF) for linerun.txd
[01:56:23] SUCCESS: debug_functions.py:484 in success() - Detected RW version Unknown (0xC02FFFF) (0xC02FFFF) for lovefist.dff
[01:56:23] SUCCESS: debug_functions.py:484 in success() - Detected RW version Unknown (0x1003FFFF) (0x1003FFFF) for lovefist.txd
[01:56:23] SUCCESS: debug_functions.py:484 in success() - Detected RW version 3.0.0.0 GTA3 (PS2) (0x800FFFF) for mafia.dff
[01:56:23] SUCCESS: debug_functions.py:484 in success() - Detected RW version Unknown (0x1003FFFF) (0x1003FFFF) for MAFIA.TXD
[01:56:23] SUCCESS: debug_functions.py:484 in success() - Detected RW version Unknown (0xC02FFFF) (0xC02FFFF) for manana.dff
[01:56:23] SUCCESS: debug_functions.py:484 in success() - Detected RW version Unknown (0x1003FFFF) (0x1003FFFF) for manana.txd
[01:56:23] SUCCESS: debug_functions.py:484 in success() - Detected RW version Unknown (0xC02FFFF) (0xC02FFFF) for marquis.dff
[01:56:23] SUCCESS: debug_functions.py:484 in success() - Detected RW version Unknown (0x1003FFFF) (0x1003FFFF) for marquis.txd
[01:56:23] SUCCESS: debug_functions.py:484 in success() - Detected RW version Unknown (0xC02FFFF) (0xC02FFFF) for maverick.dff
[01:56:23] SUCCESS: debug_functions.py:484 in success() - Detected RW version Unknown (0x1003FFFF) (0x1003FFFF) for maverick.txd
[01:56:23] SUCCESS: debug_functions.py:484 in success() - Detected RW version Unknown (0xC02FFFF) (0xC02FFFF) for mesa.dff
[01:56:23] SUCCESS: debug_functions.py:484 in success() - Detected RW version Unknown (0x1003FFFF) (0x1003FFFF) for mesa.txd
[01:56:23] SUCCESS: debug_functions.py:484 in success() - Detected RW version Unknown (0xC02FFFF) (0xC02FFFF) for moonbeam.dff
[01:56:23] SUCCESS: debug_functions.py:484 in success() - Detected RW version Unknown (0x1003FFFF) (0x1003FFFF) for moonbeam.txd
[01:56:23] SUCCESS: debug_functions.py:484 in success() - Detected RW version Unknown (0xC02FFFF) (0xC02FFFF) for mrwhoop.dff
[01:56:23] SUCCESS: debug_functions.py:484 in success() - Detected RW version Unknown (0x1003FFFF) (0x1003FFFF) for mrwhoop.txd
[01:56:23] SUCCESS: debug_functions.py:484 in success() - Detected RW version Unknown (0xC02FFFF) (0xC02FFFF) for mule.dff
[01:56:23] SUCCESS: debug_functions.py:484 in success() - Detected RW version Unknown (0x1003FFFF) (0x1003FFFF) for mule.txd
[01:56:23] SUCCESS: debug_functions.py:484 in success() - Detected RW version Unknown (0xC02FFFF) (0xC02FFFF) for oceanic.dff
[01:56:23] SUCCESS: debug_functions.py:484 in success() - Detected RW version Unknown (0x1003FFFF) (0x1003FFFF) for oceanic.txd
[01:56:23] SUCCESS: debug_functions.py:484 in success() - Detected RW version Unknown (0xC02FFFF) (0xC02FFFF) for packer.dff
[01:56:23] SUCCESS: debug_functions.py:484 in success() - Detected RW version Unknown (0x1003FFFF) (0x1003FFFF) for packer.txd
[01:56:23] SUCCESS: debug_functions.py:484 in success() - Detected RW version Unknown (0xC02FFFF) (0xC02FFFF) for patriot.dff
[01:56:23] SUCCESS: debug_functions.py:484 in success() - Detected RW version Unknown (0x1003FFFF) (0x1003FFFF) for patriot.txd
[01:56:23] SUCCESS: debug_functions.py:484 in success() - Detected RW version Unknown (0xC02FFFF) (0xC02FFFF) for pcj600.dff
[01:56:23] SUCCESS: debug_functions.py:484 in success() - Detected RW version Unknown (0x1003FFFF) (0x1003FFFF) for pcj600.txd
[01:56:23] SUCCESS: debug_functions.py:484 in success() - Detected RW version Unknown (0xC02FFFF) (0xC02FFFF) for peren.dff
[01:56:23] SUCCESS: debug_functions.py:484 in success() - Detected RW version Unknown (0x1003FFFF) (0x1003FFFF) for peren.txd
[01:56:23] SUCCESS: debug_functions.py:484 in success() - Detected RW version Unknown (0xC02FFFF) (0xC02FFFF) for pheonix.dff
[01:56:23] SUCCESS: debug_functions.py:484 in success() - Detected RW version Unknown (0x1003FFFF) (0x1003FFFF) for pheonix.txd
[01:56:23] SUCCESS: debug_functions.py:484 in success() - Detected RW version Unknown (0xC02FFFF) (0xC02FFFF) for pizzaboy.dff
[01:56:23] SUCCESS: debug_functions.py:484 in success() - Detected RW version Unknown (0x1003FFFF) (0x1003FFFF) for pizzaboy.txd
[01:56:23] SUCCESS: debug_functions.py:484 in success() - Detected RW version Unknown (0xC02FFFF) (0xC02FFFF) for police.dff
[01:56:23] SUCCESS: debug_functions.py:484 in success() - Detected RW version Unknown (0x1003FFFF) (0x1003FFFF) for police.txd
[01:56:23] SUCCESS: debug_functions.py:484 in success() - Detected RW version Unknown (0xC02FFFF) (0xC02FFFF) for polmav.dff
[01:56:23] SUCCESS: debug_functions.py:484 in success() - Detected RW version Unknown (0x1003FFFF) (0x1003FFFF) for polmav.txd
[01:56:23] SUCCESS: debug_functions.py:484 in success() - Detected RW version Unknown (0xC02FFFF) (0xC02FFFF) for pony.dff
[01:56:23] SUCCESS: debug_functions.py:484 in success() - Detected RW version Unknown (0x1003FFFF) (0x1003FFFF) for pony.txd
[01:56:23] SUCCESS: debug_functions.py:484 in success() - Detected RW version Unknown (0x1003FFFF) (0x1003FFFF) for predator.dff
[01:56:23] SUCCESS: debug_functions.py:484 in success() - Detected RW version Unknown (0x1003FFFF) (0x1003FFFF) for predator.txd
[01:56:23] SUCCESS: debug_functions.py:484 in success() - Detected RW version Unknown (0xC02FFFF) (0xC02FFFF) for rancher.dff
[01:56:23] SUCCESS: debug_functions.py:484 in success() - Detected RW version Unknown (0x1003FFFF) (0x1003FFFF) for rancher.txd
[01:56:23] SUCCESS: debug_functions.py:484 in success() - Detected RW version Unknown (0xC02FFFF) (0xC02FFFF) for rcbandit.dff
[01:56:23] SUCCESS: debug_functions.py:484 in success() - Detected RW version Unknown (0x1003FFFF) (0x1003FFFF) for rcbandit.txd
[01:56:23] SUCCESS: debug_functions.py:484 in success() - Detected RW version 3.0.0.0 GTA3 (PS2) (0x800FFFF) for rcbaron.dff
[01:56:23] SUCCESS: debug_functions.py:484 in success() - Detected RW version Unknown (0x1003FFFF) (0x1003FFFF) for rcbaron.txd
[01:56:23] SUCCESS: debug_functions.py:484 in success() - Detected RW version Unknown (0xC02FFFF) (0xC02FFFF) for rcgoblin.dff
[01:56:23] SUCCESS: debug_functions.py:484 in success() - Detected RW version Unknown (0x1003FFFF) (0x1003FFFF) for rcgoblin.txd
[01:56:23] SUCCESS: debug_functions.py:484 in success() - Detected RW version Unknown (0xC02FFFF) (0xC02FFFF) for rcraider.dff
[01:56:23] SUCCESS: debug_functions.py:484 in success() - Detected RW version Unknown (0x1003FFFF) (0x1003FFFF) for rcraider.txd
[01:56:23] SUCCESS: debug_functions.py:484 in success() - Detected RW version Unknown (0x1003FFFF) (0x1003FFFF) for reefer.dff
[01:56:23] SUCCESS: debug_functions.py:484 in success() - Detected RW version Unknown (0x1003FFFF) (0x1003FFFF) for reefer.txd
[01:56:23] SUCCESS: debug_functions.py:484 in success() - Detected RW version Unknown (0xC02FFFF) (0xC02FFFF) for regina.dff
[01:56:23] SUCCESS: debug_functions.py:484 in success() - Detected RW version Unknown (0x1003FFFF) (0x1003FFFF) for regina.txd
[01:56:23] SUCCESS: debug_functions.py:484 in success() - Detected RW version 3.0.0.0 GTA3 (PS2) (0x800FFFF) for rhino.dff
[01:56:23] SUCCESS: debug_functions.py:484 in success() - Detected RW version 3.0.0.0 GTA3 (PS2) (0x800FFFF) for rhino.txd
[01:56:23] SUCCESS: debug_functions.py:484 in success() - Detected RW version Unknown (0xC02FFFF) (0xC02FFFF) for rio.dff
[01:56:23] SUCCESS: debug_functions.py:484 in success() - Detected RW version Unknown (0x1003FFFF) (0x1003FFFF) for rio.txd
[01:56:23] SUCCESS: debug_functions.py:484 in success() - Detected RW version Unknown (0xC02FFFF) (0xC02FFFF) for romero.dff
[01:56:23] SUCCESS: debug_functions.py:484 in success() - Detected RW version Unknown (0xC02FFFF) (0xC02FFFF) for rumpo.dff
[01:56:23] SUCCESS: debug_functions.py:484 in success() - Detected RW version Unknown (0x1003FFFF) (0x1003FFFF) for rumpo.txd
[01:56:23] SUCCESS: debug_functions.py:484 in success() - Detected RW version Unknown (0xC02FFFF) (0xC02FFFF) for sabre.dff
[01:56:23] SUCCESS: debug_functions.py:484 in success() - Detected RW version Unknown (0x1003FFFF) (0x1003FFFF) for sabre.txd
[01:56:23] SUCCESS: debug_functions.py:484 in success() - Detected RW version Unknown (0xC02FFFF) (0xC02FFFF) for sabretur.dff
[01:56:23] SUCCESS: debug_functions.py:484 in success() - Detected RW version Unknown (0x1003FFFF) (0x1003FFFF) for sabretur.txd
[01:56:23] SUCCESS: debug_functions.py:484 in success() - Detected RW version Unknown (0xC02FFFF) (0xC02FFFF) for sanchez.dff
[01:56:23] SUCCESS: debug_functions.py:484 in success() - Detected RW version Unknown (0x1003FFFF) (0x1003FFFF) for sanchez.txd
[01:56:23] SUCCESS: debug_functions.py:484 in success() - Detected RW version Unknown (0xC02FFFF) (0xC02FFFF) for sandking.dff
[01:56:23] SUCCESS: debug_functions.py:484 in success() - Detected RW version Unknown (0x1003FFFF) (0x1003FFFF) for sandking.txd
[01:56:23] SUCCESS: debug_functions.py:484 in success() - Detected RW version Unknown (0xC02FFFF) (0xC02FFFF) for seaspar.dff
[01:56:23] SUCCESS: debug_functions.py:484 in success() - Detected RW version Unknown (0x1003FFFF) (0x1003FFFF) for seaspar.txd
[01:56:23] SUCCESS: debug_functions.py:484 in success() - Detected RW version Unknown (0xC02FFFF) (0xC02FFFF) for securica.dff
[01:56:23] SUCCESS: debug_functions.py:484 in success() - Detected RW version Unknown (0x1003FFFF) (0x1003FFFF) for securica.txd
[01:56:23] SUCCESS: debug_functions.py:484 in success() - Detected RW version Unknown (0xC02FFFF) (0xC02FFFF) for sentinel.dff
[01:56:23] SUCCESS: debug_functions.py:484 in success() - Detected RW version Unknown (0x1003FFFF) (0x1003FFFF) for sentinel.txd
[01:56:23] SUCCESS: debug_functions.py:484 in success() - Detected RW version Unknown (0xC02FFFF) (0xC02FFFF) for sentxs.dff
[01:56:23] SUCCESS: debug_functions.py:484 in success() - Detected RW version Unknown (0x1003FFFF) (0x1003FFFF) for sentxs.txd
[01:56:23] SUCCESS: debug_functions.py:484 in success() - Detected RW version Unknown (0x1003FFFF) (0x1003FFFF) for skimmer.dff
[01:56:23] SUCCESS: debug_functions.py:484 in success() - Detected RW version Unknown (0x1003FFFF) (0x1003FFFF) for skimmer.txd
[01:56:23] SUCCESS: debug_functions.py:484 in success() - Detected RW version Unknown (0xC02FFFF) (0xC02FFFF) for spand.dff
[01:56:23] SUCCESS: debug_functions.py:484 in success() - Detected RW version Unknown (0x1003FFFF) (0x1003FFFF) for spand.txd
[01:56:23] SUCCESS: debug_functions.py:484 in success() - Detected RW version Unknown (0xC02FFFF) (0xC02FFFF) for sparrow.dff
[01:56:23] SUCCESS: debug_functions.py:484 in success() - Detected RW version Unknown (0x1003FFFF) (0x1003FFFF) for sparrow.txd
[01:56:23] SUCCESS: debug_functions.py:484 in success() - Detected RW version Unknown (0xC02FFFF) (0xC02FFFF) for speeder.dff
[01:56:23] SUCCESS: debug_functions.py:484 in success() - Detected RW version Unknown (0x1003FFFF) (0x1003FFFF) for speeder.txd
[01:56:23] SUCCESS: debug_functions.py:484 in success() - Detected RW version Unknown (0xC02FFFF) (0xC02FFFF) for squalo.dff
[01:56:23] SUCCESS: debug_functions.py:484 in success() - Detected RW version Unknown (0x1003FFFF) (0x1003FFFF) for squalo.txd
[01:56:23] SUCCESS: debug_functions.py:484 in success() - Detected RW version Unknown (0xC02FFFF) (0xC02FFFF) for stallion.dff
[01:56:23] SUCCESS: debug_functions.py:484 in success() - Detected RW version Unknown (0x1003FFFF) (0x1003FFFF) for stallion.txd
[01:56:23] SUCCESS: debug_functions.py:484 in success() - Detected RW version Unknown (0xC02FFFF) (0xC02FFFF) for stinger.dff
[01:56:23] SUCCESS: debug_functions.py:484 in success() - Detected RW version Unknown (0x1003FFFF) (0x1003FFFF) for stinger.txd
[01:56:23] SUCCESS: debug_functions.py:484 in success() - Detected RW version Unknown (0xC02FFFF) (0xC02FFFF) for stretch.dff
[01:56:23] SUCCESS: debug_functions.py:484 in success() - Detected RW version Unknown (0x1003FFFF) (0x1003FFFF) for stretch.txd
[01:56:23] SUCCESS: debug_functions.py:484 in success() - Detected RW version Unknown (0xC02FFFF) (0xC02FFFF) for taxi.dff
[01:56:23] SUCCESS: debug_functions.py:484 in success() - Detected RW version Unknown (0x1003FFFF) (0x1003FFFF) for taxi.txd
[01:56:23] SUCCESS: debug_functions.py:484 in success() - Detected RW version Unknown (0xC02FFFF) (0xC02FFFF) for topfun.dff
[01:56:23] SUCCESS: debug_functions.py:484 in success() - Detected RW version Unknown (0x1003FFFF) (0x1003FFFF) for topfun.txd
[01:56:23] SUCCESS: debug_functions.py:484 in success() - Detected RW version 3.0.0.0 GTA3 (PS2) (0x800FFFF) for toyz.dff
[01:56:23] SUCCESS: debug_functions.py:484 in success() - Detected RW version Unknown (0xC02FFFF) (0xC02FFFF) for trash.dff
[01:56:23] SUCCESS: debug_functions.py:484 in success() - Detected RW version Unknown (0x1003FFFF) (0x1003FFFF) for trash.txd
[01:56:23] SUCCESS: debug_functions.py:484 in success() - Detected RW version Unknown (0x1003FFFF) (0x1003FFFF) for tropic.dff
[01:56:23] SUCCESS: debug_functions.py:484 in success() - Detected RW version Unknown (0x1003FFFF) (0x1003FFFF) for tropic.txd
[01:56:23] SUCCESS: debug_functions.py:484 in success() - Detected RW version Unknown (0xC02FFFF) (0xC02FFFF) for vcnmav.dff
[01:56:23] SUCCESS: debug_functions.py:484 in success() - Detected RW version Unknown (0x1003FFFF) (0x1003FFFF) for vcnmav.txd
[01:56:23] SUCCESS: debug_functions.py:484 in success() - Detected RW version Unknown (0xC02FFFF) (0xC02FFFF) for vicechee.dff
[01:56:23] SUCCESS: debug_functions.py:484 in success() - Detected RW version Unknown (0x1003FFFF) (0x1003FFFF) for vicechee.txd
[01:56:23] SUCCESS: debug_functions.py:484 in success() - Detected RW version Unknown (0xC02FFFF) (0xC02FFFF) for virgo.dff
[01:56:23] SUCCESS: debug_functions.py:484 in success() - Detected RW version Unknown (0x1003FFFF) (0x1003FFFF) for virgo.txd
[01:56:23] SUCCESS: debug_functions.py:484 in success() - Detected RW version Unknown (0xC02FFFF) (0xC02FFFF) for voodoo.dff
[01:56:23] SUCCESS: debug_functions.py:484 in success() - Detected RW version Unknown (0x1003FFFF) (0x1003FFFF) for voodoo.txd
[01:56:23] SUCCESS: debug_functions.py:484 in success() - Detected RW version Unknown (0xC02FFFF) (0xC02FFFF) for walton.dff
[01:56:23] SUCCESS: debug_functions.py:484 in success() - Detected RW version Unknown (0x1003FFFF) (0x1003FFFF) for walton.txd
[01:56:23] SUCCESS: debug_functions.py:484 in success() - Detected RW version Unknown (0xC02FFFF) (0xC02FFFF) for washing.dff
[01:56:23] SUCCESS: debug_functions.py:484 in success() - Detected RW version Unknown (0x1003FFFF) (0x1003FFFF) for washing.txd
[01:56:23] SUCCESS: debug_functions.py:484 in success() - Detected RW version Unknown (0xC02FFFF) (0xC02FFFF) for yankee.dff
[01:56:23] SUCCESS: debug_functions.py:484 in success() - Detected RW version Unknown (0x1003FFFF) (0x1003FFFF) for yankee.txd
[01:56:23] SUCCESS: debug_functions.py:484 in success() - Detected RW version Unknown (0xC02FFFF) (0xC02FFFF) for zebra.dff
[01:56:23] SUCCESS: debug_functions.py:484 in success() - Detected RW version Unknown (0x1003FFFF) (0x1003FFFF) for zebra.txd
[01:56:23] SUCCESS: debug_functions.py:484 in success() - Detected RW version Unknown (0x1003FFFF) (0x1003FFFF) for ak47.dff
[01:56:23] SUCCESS: debug_functions.py:484 in success() - Detected RW version Unknown (0x1003FFFF) (0x1003FFFF) for ak47.txd
[01:56:23] SUCCESS: debug_functions.py:484 in success() - Detected RW version Unknown (0x1003FFFF) (0x1003FFFF) for armour.dff
[01:56:23] SUCCESS: debug_functions.py:484 in success() - Detected RW version Unknown (0x1003FFFF) (0x1003FFFF) for armour.txd
[01:56:23] SUCCESS: debug_functions.py:484 in success() - Detected RW version Unknown (0x1003FFFF) (0x1003FFFF) for bat.dff
[01:56:23] SUCCESS: debug_functions.py:484 in success() - Detected RW version Unknown (0x1003FFFF) (0x1003FFFF) for bat.txd
[01:56:23] SUCCESS: debug_functions.py:484 in success() - Detected RW version Unknown (0x1003FFFF) (0x1003FFFF) for bomb.dff
[01:56:23] SUCCESS: debug_functions.py:484 in success() - Detected RW version Unknown (0x1003FFFF) (0x1003FFFF) for bomb.txd
[01:56:23] SUCCESS: debug_functions.py:484 in success() - Detected RW version Unknown (0x1003FFFF) (0x1003FFFF) for brassknuckle.dff
[01:56:23] SUCCESS: debug_functions.py:484 in success() - Detected RW version Unknown (0x1003FFFF) (0x1003FFFF) for brassknuckle.txd
[01:56:23] SUCCESS: debug_functions.py:484 in success() - Detected RW version Unknown (0x1003FFFF) (0x1003FFFF) for buddyshot.dff
[01:56:23] SUCCESS: debug_functions.py:484 in success() - Detected RW version Unknown (0x1003FFFF) (0x1003FFFF) for buddyshot.txd
[01:56:23] SUCCESS: debug_functions.py:484 in success() - Detected RW version Unknown (0x1003FFFF) (0x1003FFFF) for camera.dff
[01:56:23] SUCCESS: debug_functions.py:484 in success() - Detected RW version Unknown (0x1003FFFF) (0x1003FFFF) for camera.txd
[01:56:23] SUCCESS: debug_functions.py:484 in success() - Detected RW version Unknown (0x1003FFFF) (0x1003FFFF) for cellphone.dff
[01:56:23] SUCCESS: debug_functions.py:484 in success() - Detected RW version Unknown (0x1003FFFF) (0x1003FFFF) for cellphone.txd
[01:56:23] SUCCESS: debug_functions.py:484 in success() - Detected RW version Unknown (0x1003FFFF) (0x1003FFFF) for chnsaw.dff
[01:56:23] SUCCESS: debug_functions.py:484 in success() - Detected RW version Unknown (0x1003FFFF) (0x1003FFFF) for chnsaw.txd
[01:56:23] SUCCESS: debug_functions.py:484 in success() - Detected RW version Unknown (0x1003FFFF) (0x1003FFFF) for chromegun.dff
[01:56:23] SUCCESS: debug_functions.py:484 in success() - Detected RW version Unknown (0x1003FFFF) (0x1003FFFF) for chromegun.txd
[01:56:23] SUCCESS: debug_functions.py:484 in success() - Detected RW version Unknown (0x1003FFFF) (0x1003FFFF) for cleaver.dff
[01:56:23] SUCCESS: debug_functions.py:484 in success() - Detected RW version Unknown (0x1003FFFF) (0x1003FFFF) for cleaver.txd
[01:56:23] SUCCESS: debug_functions.py:484 in success() - Detected RW version Unknown (0x1003FFFF) (0x1003FFFF) for colt45.dff
[01:56:23] SUCCESS: debug_functions.py:484 in success() - Detected RW version Unknown (0x1003FFFF) (0x1003FFFF) for colt45.txd
[01:56:23] SUCCESS: debug_functions.py:484 in success() - Detected RW version Unknown (0x1003FFFF) (0x1003FFFF) for fingers.dff
[01:56:23] SUCCESS: debug_functions.py:484 in success() - Detected RW version Unknown (0x1003FFFF) (0x1003FFFF) for fingers.txd
[01:56:23] SUCCESS: debug_functions.py:484 in success() - Detected RW version Unknown (0x1003FFFF) (0x1003FFFF) for flame.dff
[01:56:23] SUCCESS: debug_functions.py:484 in success() - Detected RW version Unknown (0x1003FFFF) (0x1003FFFF) for flame.txd
[01:56:23] SUCCESS: debug_functions.py:484 in success() - Detected RW version Unknown (0x1003FFFF) (0x1003FFFF) for golfclub.dff
[01:56:23] SUCCESS: debug_functions.py:484 in success() - Detected RW version Unknown (0x1003FFFF) (0x1003FFFF) for golfclub.txd
[01:56:23] SUCCESS: debug_functions.py:484 in success() - Detected RW version Unknown (0x1003FFFF) (0x1003FFFF) for grenade.dff
[01:56:23] SUCCESS: debug_functions.py:484 in success() - Detected RW version Unknown (0x1003FFFF) (0x1003FFFF) for grenade.txd
[01:56:23] SUCCESS: debug_functions.py:484 in success() - Detected RW version Unknown (0x1003FFFF) (0x1003FFFF) for hammer.dff
[01:56:23] SUCCESS: debug_functions.py:484 in success() - Detected RW version Unknown (0x1003FFFF) (0x1003FFFF) for hammer.txd
[01:56:23] SUCCESS: debug_functions.py:484 in success() - Detected RW version Unknown (0x1003FFFF) (0x1003FFFF) for ingramsl.dff
[01:56:23] SUCCESS: debug_functions.py:484 in success() - Detected RW version Unknown (0x1003FFFF) (0x1003FFFF) for ingramsl.txd
[01:56:23] SUCCESS: debug_functions.py:484 in success() - Detected RW version Unknown (0x1003FFFF) (0x1003FFFF) for katana.dff
[01:56:23] SUCCESS: debug_functions.py:484 in success() - Detected RW version Unknown (0x1003FFFF) (0x1003FFFF) for katana.txd
[01:56:23] SUCCESS: debug_functions.py:484 in success() - Detected RW version Unknown (0x1003FFFF) (0x1003FFFF) for knifecur.dff
[01:56:23] SUCCESS: debug_functions.py:484 in success() - Detected RW version Unknown (0x1003FFFF) (0x1003FFFF) for knifecur.txd
[01:56:23] SUCCESS: debug_functions.py:484 in success() - Detected RW version Unknown (0x1003FFFF) (0x1003FFFF) for laser.dff
[01:56:23] SUCCESS: debug_functions.py:484 in success() - Detected RW version Unknown (0x1003FFFF) (0x1003FFFF) for laser.txd
[01:56:23] SUCCESS: debug_functions.py:484 in success() - Detected RW version Unknown (0x1003FFFF) (0x1003FFFF) for m4.dff
[01:56:23] SUCCESS: debug_functions.py:484 in success() - Detected RW version Unknown (0x1003FFFF) (0x1003FFFF) for m4.txd
[01:56:23] SUCCESS: debug_functions.py:484 in success() - Detected RW version Unknown (0x1003FFFF) (0x1003FFFF) for m60.dff
[01:56:23] SUCCESS: debug_functions.py:484 in success() - Detected RW version Unknown (0x1003FFFF) (0x1003FFFF) for m60.txd
[01:56:23] SUCCESS: debug_functions.py:484 in success() - Detected RW version Unknown (0x1003FFFF) (0x1003FFFF) for machete.dff
[01:56:23] SUCCESS: debug_functions.py:484 in success() - Detected RW version Unknown (0x1003FFFF) (0x1003FFFF) for machete.txd
[01:56:23] SUCCESS: debug_functions.py:484 in success() - Detected RW version Unknown (0x1003FFFF) (0x1003FFFF) for minigun.dff
[01:56:23] SUCCESS: debug_functions.py:484 in success() - Detected RW version Unknown (0x1003FFFF) (0x1003FFFF) for minigun.txd
[01:56:23] SUCCESS: debug_functions.py:484 in success() - Detected RW version Unknown (0x1003FFFF) (0x1003FFFF) for minigun2.dff
[01:56:23] SUCCESS: debug_functions.py:484 in success() - Detected RW version Unknown (0x1003FFFF) (0x1003FFFF) for minigun2.txd
[01:56:23] SUCCESS: debug_functions.py:484 in success() - Detected RW version Unknown (0x1003FFFF) (0x1003FFFF) for missile.dff
[01:56:23] SUCCESS: debug_functions.py:484 in success() - Detected RW version Unknown (0x1003FFFF) (0x1003FFFF) for missile.txd
[01:56:23] SUCCESS: debug_functions.py:484 in success() - Detected RW version Unknown (0x1003FFFF) (0x1003FFFF) for molotov.dff
[01:56:23] SUCCESS: debug_functions.py:484 in success() - Detected RW version Unknown (0x1003FFFF) (0x1003FFFF) for molotov.txd
[01:56:23] SUCCESS: debug_functions.py:484 in success() - Detected RW version Unknown (0x1003FFFF) (0x1003FFFF) for mp5lng.dff
[01:56:23] SUCCESS: debug_functions.py:484 in success() - Detected RW version Unknown (0x1003FFFF) (0x1003FFFF) for mp5lng.txd
[01:56:23] SUCCESS: debug_functions.py:484 in success() - Detected RW version Unknown (0x1003FFFF) (0x1003FFFF) for nitestick.dff
[01:56:23] SUCCESS: debug_functions.py:484 in success() - Detected RW version Unknown (0x1003FFFF) (0x1003FFFF) for nitestick.txd
[01:56:23] SUCCESS: debug_functions.py:484 in success() - Detected RW version Unknown (0x1003FFFF) (0x1003FFFF) for python.dff
[01:56:23] SUCCESS: debug_functions.py:484 in success() - Detected RW version Unknown (0x1003FFFF) (0x1003FFFF) for python.txd
[01:56:23] SUCCESS: debug_functions.py:484 in success() - Detected RW version Unknown (0x1003FFFF) (0x1003FFFF) for rocketla.dff
[01:56:23] SUCCESS: debug_functions.py:484 in success() - Detected RW version Unknown (0x1003FFFF) (0x1003FFFF) for rocketla.txd
[01:56:23] SUCCESS: debug_functions.py:484 in success() - Detected RW version Unknown (0x1003FFFF) (0x1003FFFF) for ruger.dff
[01:56:23] SUCCESS: debug_functions.py:484 in success() - Detected RW version Unknown (0x1003FFFF) (0x1003FFFF) for ruger.txd
[01:56:23] SUCCESS: debug_functions.py:484 in success() - Detected RW version Unknown (0x1003FFFF) (0x1003FFFF) for screwdriver.dff
[01:56:23] SUCCESS: debug_functions.py:484 in success() - Detected RW version Unknown (0x1003FFFF) (0x1003FFFF) for screwdriver.txd
[01:56:23] SUCCESS: debug_functions.py:484 in success() - Detected RW version Unknown (0x1003FFFF) (0x1003FFFF) for shotgspa.dff
[01:56:23] SUCCESS: debug_functions.py:484 in success() - Detected RW version Unknown (0x1003FFFF) (0x1003FFFF) for shotgspa.txd
[01:56:23] SUCCESS: debug_functions.py:484 in success() - Detected RW version Unknown (0x1003FFFF) (0x1003FFFF) for sniper.dff
[01:56:23] SUCCESS: debug_functions.py:484 in success() - Detected RW version Unknown (0x1003FFFF) (0x1003FFFF) for sniper.txd
[01:56:23] SUCCESS: debug_functions.py:484 in success() - Detected RW version Unknown (0x1003FFFF) (0x1003FFFF) for teargas.dff
[01:56:23] SUCCESS: debug_functions.py:484 in success() - Detected RW version Unknown (0x1003FFFF) (0x1003FFFF) for teargas.txd
[01:56:23] SUCCESS: debug_functions.py:484 in success() - Detected RW version Unknown (0x1003FFFF) (0x1003FFFF) for tec9.dff
[01:56:23] SUCCESS: debug_functions.py:484 in success() - Detected RW version Unknown (0x1003FFFF) (0x1003FFFF) for tec9.txd
[01:56:23] SUCCESS: debug_functions.py:484 in success() - Detected RW version Unknown (0x1003FFFF) (0x1003FFFF) for uzi.dff
[01:56:23] SUCCESS: debug_functions.py:484 in success() - Detected RW version Unknown (0x1003FFFF) (0x1003FFFF) for uzi.txd
[01:56:23] SUCCESS: debug_functions.py:484 in success() - Detected RW version Unknown (0xC02FFFF) (0xC02FFFF) for player.dff
[01:56:23] SUCCESS: debug_functions.py:484 in success() - Detected RW version Unknown (0x1003FFFF) (0x1003FFFF) for player.txd
[01:56:23] SUCCESS: debug_functions.py:484 in success() - Detected RW version Unknown (0xC02FFFF) (0xC02FFFF) for romero.txd
[01:56:23] SUCCESS: debug_functions.py:484 in success() - Detected RW version Unknown (0xC02FFFF) (0xC02FFFF) for airtrain.dff
[01:56:23] SUCCESS: debug_functions.py:484 in success() - Detected RW version Unknown (0x1003FFFF) (0x1003FFFF) for airtrain.txd
